<?xml version="1.0" encoding="UTF-8"?>
<!-- Generated by org.testng.reporters.JUnitXMLReporter -->
<testsuite hostname="DESKTOP-32SHS3O" name="Default test" tests="7" failures="0" timestamp="13 Oct 2024 14:06:21 GMT" time="23.524" errors="0">
  <testcase name="editEmployeeDetails" time="13.024" classname="com.Hrms.tests.TestPIMPage"/>
  <testcase name="deleteEmployee" time="0.003" classname="com.Hrms.tests.TestPIMPage"/>
  <testcase name="viewEmployeeList" time="0.003" classname="com.Hrms.tests.TestPIMPage"/>
  <testcase name="addEmployeePhotos" time="0.002" classname="com.Hrms.tests.TestPIMPage"/>
  <testcase name="viewEmployeeDetails" time="0.002" classname="com.Hrms.tests.TestPIMPage"/>
  <testcase name="editEmploymentStatus" time="0.003" classname="com.Hrms.tests.TestPIMPage"/>
  <testcase name="filterEmployeeList" time="0.002" classname="com.Hrms.tests.TestPIMPage"/>
</testsuite> <!-- Default test -->
