<?xml version="1.0" encoding="UTF-8"?>
<testng-results skipped="0" failed="0" total="6" passed="6">
  <reporter-output>
  </reporter-output>
  <suite name="Default suite" duration-ms="20692" started-at="2024-10-14T09:28:10Z" finished-at="2024-10-14T09:28:30Z">
    <groups>
    </groups>
    <test name="Default test" duration-ms="20692" started-at="2024-10-14T09:28:10Z" finished-at="2024-10-14T09:28:30Z">
      <class name="com.Hrms.tests.TestPIMPage">
        <test-method status="PASS" signature="setup()[pri:0, instance:com.Hrms.tests.TestPIMPage@6adbc9d]" name="setup" is-config="true" duration-ms="9386" started-at="2024-10-14T14:58:10Z" finished-at="2024-10-14T14:58:19Z">
          <reporter-output>
          </reporter-output>
        </test-method> <!-- setup -->
        <test-method status="PASS" signature="searchEmployee()[pri:1, instance:com.Hrms.tests.TestPIMPage@6adbc9d]" name="searchEmployee" duration-ms="15" started-at="2024-10-14T14:58:19Z" description="Verify that the search functionality returns the correct employee" finished-at="2024-10-14T14:58:19Z">
          <reporter-output>
          </reporter-output>
        </test-method> <!-- searchEmployee -->
        <test-method status="PASS" signature="editEmployeeDetails()[pri:2, instance:com.Hrms.tests.TestPIMPage@6adbc9d]" name="editEmployeeDetails" duration-ms="2" started-at="2024-10-14T14:58:19Z" description="Verify that employee details can be edited successfully" finished-at="2024-10-14T14:58:19Z">
          <reporter-output>
          </reporter-output>
        </test-method> <!-- editEmployeeDetails -->
        <test-method status="PASS" signature="addEmployeePhotos()[pri:5, instance:com.Hrms.tests.TestPIMPage@6adbc9d]" name="addEmployeePhotos" duration-ms="11176" started-at="2024-10-14T14:58:19Z" description="Verify that photos can be added to employee profiles" finished-at="2024-10-14T14:58:30Z">
          <reporter-output>
          </reporter-output>
        </test-method> <!-- addEmployeePhotos -->
        <test-method status="PASS" signature="viewEmployeeDetails()[pri:6, instance:com.Hrms.tests.TestPIMPage@6adbc9d]" name="viewEmployeeDetails" duration-ms="5" started-at="2024-10-14T14:58:30Z" description="Verify that employee details are correctly displayed" finished-at="2024-10-14T14:58:30Z">
          <reporter-output>
          </reporter-output>
        </test-method> <!-- viewEmployeeDetails -->
        <test-method status="PASS" signature="editEmploymentStatus()[pri:7, instance:com.Hrms.tests.TestPIMPage@6adbc9d]" name="editEmploymentStatus" duration-ms="3" started-at="2024-10-14T14:58:30Z" description="Verify that the employment status of an employee can be updated" finished-at="2024-10-14T14:58:30Z">
          <reporter-output>
          </reporter-output>
        </test-method> <!-- editEmploymentStatus -->
        <test-method status="PASS" signature="filterEmployeeList()[pri:8, instance:com.Hrms.tests.TestPIMPage@6adbc9d]" name="filterEmployeeList" duration-ms="3" started-at="2024-10-14T14:58:30Z" description="Verify that the employee list can be filtered based on various criteria" finished-at="2024-10-14T14:58:30Z">
          <reporter-output>
          </reporter-output>
        </test-method> <!-- filterEmployeeList -->
        <test-method status="PASS" signature="close()[pri:0, instance:com.Hrms.tests.TestPIMPage@6adbc9d]" name="close" is-config="true" duration-ms="0" started-at="2024-10-14T14:58:30Z" finished-at="2024-10-14T14:58:30Z">
          <reporter-output>
          </reporter-output>
        </test-method> <!-- close -->
      </class> <!-- com.Hrms.tests.TestPIMPage -->
    </test> <!-- Default test -->
  </suite> <!-- Default suite -->
</testng-results>
